<?xml version="1.0" encoding="UTF-8"?>
<!-- Generated by org.testng.reporters.JUnitXMLReporter -->
<testsuite ignored="0" hostname="DESKTOP-QFV9SEJ" failures="0" tests="3" name="Default test" time="12.035" errors="0" timestamp="27 Apr 2023 08:38:15 GMT">
  <testcase classname="org.letcode.Test.TC001_Login" name="loginTest" time="0.079"/>
  <testcase classname="org.letcode.Test.TC001_Login" name="loginTest" time="0.065"/>
  <testcase classname="org.letcode.Test.TC001_Login" name="loginTest" time="0.069"/>
</testsuite> <!-- Default test -->
