<?xml version="1.0" encoding="UTF-8"?>
<testng-results ignored="0" total="3" passed="3" failed="0" skipped="0">
  <reporter-output>
  </reporter-output>
  <suite started-at="2023-04-27T08:38:03Z" name="Default suite" finished-at="2023-04-27T08:38:15Z" duration-ms="12035">
    <groups>
    </groups>
    <test started-at="2023-04-27T08:38:03Z" name="Default test" finished-at="2023-04-27T08:38:15Z" duration-ms="12035">
      <class name="org.letcode.Test.TC001_Login">
        <test-method is-config="true" signature="setData()[pri:0, instance:org.letcode.Test.TC001_Login@53941c2f]" started-at="2023-04-27T08:38:03Z" name="setData" finished-at="2023-04-27T08:38:03Z" duration-ms="7" status="PASS">
          <reporter-output>
          </reporter-output>
        </test-method> <!-- setData -->
        <test-method is-config="true" signature="StartBrowser()[pri:0, instance:org.letcode.Test.TC001_Login@53941c2f]" started-at="2023-04-27T08:38:03Z" name="StartBrowser" finished-at="2023-04-27T08:38:08Z" duration-ms="4422" status="PASS">
          <reporter-output>
          </reporter-output>
        </test-method> <!-- StartBrowser -->
        <test-method signature="loginTest([Ljava.lang.String;)[pri:0, instance:org.letcode.Test.TC001_Login@53941c2f]" started-at="2023-04-27T08:38:08Z" name="loginTest" data-provider="data" finished-at="2023-04-27T08:38:08Z" duration-ms="79" status="PASS">
          <params>
            <param index="0">
              <value>
                <![CDATA[[Ljava.lang.String;@f2a1813]]>
              </value>
            </param>
          </params>
          <reporter-output>
          </reporter-output>
        </test-method> <!-- loginTest -->
        <test-method is-config="true" signature="DriverQuit()[pri:0, instance:org.letcode.Test.TC001_Login@53941c2f]" started-at="2023-04-27T08:38:08Z" name="DriverQuit" finished-at="2023-04-27T08:38:08Z" duration-ms="275" status="PASS">
          <reporter-output>
          </reporter-output>
        </test-method> <!-- DriverQuit -->
        <test-method is-config="true" signature="StartBrowser()[pri:0, instance:org.letcode.Test.TC001_Login@53941c2f]" started-at="2023-04-27T08:38:08Z" name="StartBrowser" finished-at="2023-04-27T08:38:11Z" duration-ms="3051" status="PASS">
          <reporter-output>
          </reporter-output>
        </test-method> <!-- StartBrowser -->
        <test-method signature="loginTest([Ljava.lang.String;)[pri:0, instance:org.letcode.Test.TC001_Login@53941c2f]" started-at="2023-04-27T08:38:11Z" name="loginTest" data-provider="data" finished-at="2023-04-27T08:38:11Z" duration-ms="65" status="PASS">
          <params>
            <param index="0">
              <value>
                <![CDATA[[Ljava.lang.String;@79f90a3a]]>
              </value>
            </param>
          </params>
          <reporter-output>
          </reporter-output>
        </test-method> <!-- loginTest -->
        <test-method is-config="true" signature="DriverQuit()[pri:0, instance:org.letcode.Test.TC001_Login@53941c2f]" started-at="2023-04-27T08:38:11Z" name="DriverQuit" finished-at="2023-04-27T08:38:11Z" duration-ms="241" status="PASS">
          <reporter-output>
          </reporter-output>
        </test-method> <!-- DriverQuit -->
        <test-method is-config="true" signature="StartBrowser()[pri:0, instance:org.letcode.Test.TC001_Login@53941c2f]" started-at="2023-04-27T08:38:11Z" name="StartBrowser" finished-at="2023-04-27T08:38:14Z" duration-ms="3046" status="PASS">
          <reporter-output>
          </reporter-output>
        </test-method> <!-- StartBrowser -->
        <test-method signature="loginTest([Ljava.lang.String;)[pri:0, instance:org.letcode.Test.TC001_Login@53941c2f]" started-at="2023-04-27T08:38:14Z" name="loginTest" data-provider="data" finished-at="2023-04-27T08:38:15Z" duration-ms="69" status="PASS">
          <params>
            <param index="0">
              <value>
                <![CDATA[[Ljava.lang.String;@22bdb1d0]]>
              </value>
            </param>
          </params>
          <reporter-output>
          </reporter-output>
        </test-method> <!-- loginTest -->
        <test-method is-config="true" signature="DriverQuit()[pri:0, instance:org.letcode.Test.TC001_Login@53941c2f]" started-at="2023-04-27T08:38:15Z" name="DriverQuit" finished-at="2023-04-27T08:38:15Z" duration-ms="215" status="PASS">
          <reporter-output>
          </reporter-output>
        </test-method> <!-- DriverQuit -->
      </class> <!-- org.letcode.Test.TC001_Login -->
    </test> <!-- Default test -->
  </suite> <!-- Default suite -->
</testng-results>
